[2021-03-10 09:31:01] START
[2021-03-10 09:31:01] EDIT iVar/models/ivar.py: 0
[2021-03-10 09:34:02] EDIT iVar/models/ivar.py: 1
[2021-03-10 09:37:17] EDIT iVar/models/ivar.py: 4
[2021-03-10 10:44:31] EDIT iVar/controllers/annotation.py: 2
[2021-03-10 11:14:44] EDIT iVar/models/ivar.py: 0
[2021-03-17 17:15:34] EDIT iVar/controllers/vcf.py: 0
[2021-03-17 17:15:55] EDIT iVar/models/ivar.py: -1
[2021-03-17 17:16:03] EDIT iVar/models/ivar.py: 0
[2021-04-02 15:48:56] EDIT iVar/controllers/annotation.py: 0
[2021-04-06 15:08:56] EDIT iVar/models/ivar.py: 3
[2021-04-06 15:14:41] EDIT iVar/controllers/annotation.py: 2
[2021-04-06 15:15:10] EDIT iVar/controllers/annotation.py: 0
[2021-04-06 15:15:19] EDIT iVar/controllers/annotation.py: 0
[2021-04-06 15:29:22] EDIT iVar/models/ivar.py: 0
[2021-04-06 15:35:15] EDIT iVar/models/ivar.py: -5
[2021-04-06 15:42:04] EDIT iVar/models/ivar.py: -1
[2021-04-06 15:56:40] EDIT iVar/models/ivar.py: 0
[2021-04-06 15:58:15] EDIT iVar/models/ivar.py: 0
[2021-04-06 16:46:41] EDIT iVar/controllers/annotation.py: -2
[2021-04-10 09:37:34] EDIT iVar/models/ivar.py: -1
[2021-04-10 09:38:00] EDIT iVar/controllers/variant.py: 0
[2021-04-10 09:38:02] EDIT iVar/models/ivar.py: 0
[2021-04-10 09:46:05] EDIT iVar/controllers/variant.py: 0
[2021-04-10 09:47:29] EDIT iVar/models/ivar.py: 0
[2021-04-10 09:53:20] EDIT iVar/models/ivar.py: 0
[2021-04-10 09:56:08] EDIT iVar/models/ivar.py: 1
[2021-04-10 09:56:59] EDIT iVar/models/ivar.py: 0
[2021-04-10 10:11:31] EDIT iVar/models/ivar.py: 1
[2021-04-10 10:12:30] EDIT iVar/models/ivar.py: 0
[2021-04-10 10:15:24] EDIT iVar/models/ivar.py: -1
[2021-04-10 10:17:17] EDIT iVar/models/ivar.py: -1
[2021-04-10 10:18:09] EDIT iVar/controllers/annotation.py: 0
[2021-04-10 10:20:07] EDIT iVar/models/ivar.py: 0
[2021-04-10 10:20:54] EDIT iVar/models/ivar.py: 0
[2021-04-10 10:21:32] EDIT iVar/models/ivar.py: 0
[2021-04-10 10:24:30] EDIT iVar/models/ivar.py: 0
[2021-04-16 15:37:21] EDIT iVar/models/ivar.py: 0
[2021-04-16 15:48:23] EDIT iVar/models/ivar.py: 2
[2021-04-16 16:13:12] EDIT iVar/models/ivar.py: 0
[2021-04-16 16:56:40] EDIT iVar/private/appconfig.ini: 0
